This is pdfTeX, Version 3.14159265-2.6-1.40.16 (TeX Live 2015) (preloaded format=pdflatex 2016.4.7)  22 APR 2016 05:26
entering extended mode
 restricted \write18 enabled.
 file:line:error style messages enabled.
 %&-line parsing enabled.
**final_report.tex
(./final_report.tex
LaTeX2e <2015/01/01>
Babel <3.9l> and hyphenation patterns for 79 languages loaded.
(/usr/local/texlive/2015/texmf-dist/tex/latex/base/report.cls
Document Class: report 2014/09/29 v1.4h Standard LaTeX document class
(/usr/local/texlive/2015/texmf-dist/tex/latex/base/size11.clo
File: size11.clo 2014/09/29 v1.4h Standard LaTeX file (size option)
)
\c@part=\count79
\c@chapter=\count80
\c@section=\count81
\c@subsection=\count82
\c@subsubsection=\count83
\c@paragraph=\count84
\c@subparagraph=\count85
\c@figure=\count86
\c@table=\count87
\abovecaptionskip=\skip41
\belowcaptionskip=\skip42
\bibindent=\dimen102
)
(/usr/local/texlive/2015/texmf-dist/tex/latex/graphics/graphics.sty
Package: graphics 2014/10/28 v1.0p Standard LaTeX Graphics (DPC,SPQR)

(/usr/local/texlive/2015/texmf-dist/tex/latex/graphics/trig.sty
Package: trig 1999/03/16 v1.09 sin cos tan (DPC)
)
(/usr/local/texlive/2015/texmf-dist/tex/latex/latexconfig/graphics.cfg
File: graphics.cfg 2010/04/23 v1.9 graphics configuration of TeX Live
)
Package graphics Info: Driver file: pdftex.def on input line 94.

(/usr/local/texlive/2015/texmf-dist/tex/latex/pdftex-def/pdftex.def
File: pdftex.def 2011/05/27 v0.06d Graphics/color for pdfTeX

(/usr/local/texlive/2015/texmf-dist/tex/generic/oberdiek/infwarerr.sty
Package: infwarerr 2010/04/08 v1.3 Providing info/warning/error messages (HO)
)
(/usr/local/texlive/2015/texmf-dist/tex/generic/oberdiek/ltxcmds.sty
Package: ltxcmds 2011/11/09 v1.22 LaTeX kernel commands for general use (HO)
)
\Gread@gobject=\count88
))
(/usr/local/texlive/2015/texmf-dist/tex/latex/graphics/graphicx.sty
Package: graphicx 2014/10/28 v1.0g Enhanced LaTeX Graphics (DPC,SPQR)

(/usr/local/texlive/2015/texmf-dist/tex/latex/graphics/keyval.sty
Package: keyval 2014/10/28 v1.15 key=value parser (DPC)
\KV@toks@=\toks14
)
\Gin@req@height=\dimen103
\Gin@req@width=\dimen104
)
(/usr/local/texlive/2015/texmf-dist/tex/latex/graphics/epsfig.sty
Package: epsfig 1999/02/16 v1.7a (e)psfig emulation (SPQR)
\epsfxsize=\dimen105
\epsfysize=\dimen106
)
(/usr/local/texlive/2015/texmf-dist/tex/latex/fancyhdr/fancyhdr.sty
\fancy@headwidth=\skip43
\f@ncyO@elh=\skip44
\f@ncyO@erh=\skip45
\f@ncyO@olh=\skip46
\f@ncyO@orh=\skip47
\f@ncyO@elf=\skip48
\f@ncyO@erf=\skip49
\f@ncyO@olf=\skip50
\f@ncyO@orf=\skip51
)
(/usr/local/texlive/2015/texmf-dist/tex/latex/preprint/fullpage.sty
Package: fullpage 1999/02/23 1.1 (PWD)
\FP@margin=\skip52
)
(/usr/local/texlive/2015/texmf-dist/tex/latex/titlesec/titlesec.sty
Package: titlesec 2011/12/15 v2.10.0 Sectioning titles
\ttl@box=\box26
\beforetitleunit=\skip53
\aftertitleunit=\skip54
\ttl@plus=\dimen107
\ttl@minus=\dimen108
\ttl@toksa=\toks15
\titlewidth=\dimen109
\titlewidthlast=\dimen110
\titlewidthfirst=\dimen111
)
(./final_report.aux)
\openout1 = `final_report.aux'.

LaTeX Font Info:    Checking defaults for OML/cmm/m/it on input line 10.
LaTeX Font Info:    ... okay on input line 10.
LaTeX Font Info:    Checking defaults for T1/cmr/m/n on input line 10.
LaTeX Font Info:    ... okay on input line 10.
LaTeX Font Info:    Checking defaults for OT1/cmr/m/n on input line 10.
LaTeX Font Info:    ... okay on input line 10.
LaTeX Font Info:    Checking defaults for OMS/cmsy/m/n on input line 10.
LaTeX Font Info:    ... okay on input line 10.
LaTeX Font Info:    Checking defaults for OMX/cmex/m/n on input line 10.
LaTeX Font Info:    ... okay on input line 10.
LaTeX Font Info:    Checking defaults for U/cmr/m/n on input line 10.
LaTeX Font Info:    ... okay on input line 10.

(/usr/local/texlive/2015/texmf-dist/tex/context/base/supp-pdf.mkii
[Loading MPS to PDF converter (version 2006.09.02).]
\scratchcounter=\count89
\scratchdimen=\dimen112
\scratchbox=\box27
\nofMPsegments=\count90
\nofMParguments=\count91
\everyMPshowfont=\toks16
\MPscratchCnt=\count92
\MPscratchDim=\dimen113
\MPnumerator=\count93
\makeMPintoPDFobject=\count94
\everyMPtoPDFconversion=\toks17
) (/usr/local/texlive/2015/texmf-dist/tex/generic/oberdiek/pdftexcmds.sty
Package: pdftexcmds 2011/11/29 v0.20 Utility functions of pdfTeX for LuaTeX (HO
)

(/usr/local/texlive/2015/texmf-dist/tex/generic/oberdiek/ifluatex.sty
Package: ifluatex 2010/03/01 v1.3 Provides the ifluatex switch (HO)
Package ifluatex Info: LuaTeX not detected.
)
(/usr/local/texlive/2015/texmf-dist/tex/generic/oberdiek/ifpdf.sty
Package: ifpdf 2011/01/30 v2.3 Provides the ifpdf switch (HO)
Package ifpdf Info: pdfTeX in PDF mode is detected.
)
Package pdftexcmds Info: LuaTeX not detected.
Package pdftexcmds Info: \pdf@primitive is available.
Package pdftexcmds Info: \pdf@ifprimitive is available.
Package pdftexcmds Info: \pdfdraftmode found.
)
(/usr/local/texlive/2015/texmf-dist/tex/latex/oberdiek/epstopdf-base.sty
Package: epstopdf-base 2010/02/09 v2.5 Base part for package epstopdf

(/usr/local/texlive/2015/texmf-dist/tex/latex/oberdiek/grfext.sty
Package: grfext 2010/08/19 v1.1 Manage graphics extensions (HO)

(/usr/local/texlive/2015/texmf-dist/tex/generic/oberdiek/kvdefinekeys.sty
Package: kvdefinekeys 2011/04/07 v1.3 Define keys (HO)
))
(/usr/local/texlive/2015/texmf-dist/tex/latex/oberdiek/kvoptions.sty
Package: kvoptions 2011/06/30 v3.11 Key value format for package options (HO)

(/usr/local/texlive/2015/texmf-dist/tex/generic/oberdiek/kvsetkeys.sty
Package: kvsetkeys 2012/04/25 v1.16 Key value parser (HO)

(/usr/local/texlive/2015/texmf-dist/tex/generic/oberdiek/etexcmds.sty
Package: etexcmds 2011/02/16 v1.5 Avoid name clashes with e-TeX commands (HO)
Package etexcmds Info: Could not find \expanded.
(etexcmds)             That can mean that you are not using pdfTeX 1.50 or
(etexcmds)             that some package has redefined \expanded.
(etexcmds)             In the latter case, load this package earlier.
)))
Package grfext Info: Graphics extension search list:
(grfext)             [.png,.pdf,.jpg,.mps,.jpeg,.jbig2,.jb2,.PNG,.PDF,.JPG,.JPE
G,.JBIG2,.JB2,.eps]
(grfext)             \AppendGraphicsExtensions on input line 452.

(/usr/local/texlive/2015/texmf-dist/tex/latex/latexconfig/epstopdf-sys.cfg
File: epstopdf-sys.cfg 2010/07/13 v1.3 Configuration of (r)epstopdf for TeX Liv
e
))
<logo.jpg, id=1, 399.4824pt x 399.4824pt>
File: logo.jpg Graphic file (type jpg)
 <use logo.jpg>
Package pdftex.def Info: logo.jpg used on input line 62.
(pdftex.def)             Requested size: 90.3375pt x 90.33682pt.
 [1

{/usr/local/texlive/2015/texmf-var/fonts/map/pdftex/updmap/pdftex.map} <./logo.
jpg>]
File: logo.jpg Graphic file (type jpg)

<use logo.jpg>
Package pdftex.def Info: logo.jpg used on input line 91.
(pdftex.def)             Requested size: 126.47249pt x 126.47156pt.

Underfull \hbox (badness 10000) in paragraph at lines 98--99

 []

[1] [1] [1] (./final_report.toc
LaTeX Font Info:    External font `cmex10' loaded for size
(Font)              <10.95> on input line 3.
LaTeX Font Info:    External font `cmex10' loaded for size
(Font)              <8> on input line 3.
LaTeX Font Info:    External font `cmex10' loaded for size
(Font)              <6> on input line 3.
 [1

] [2])
\tf@toc=\write3
\openout3 = `final_report.toc'.

 [3]
Chapter 1.

Underfull \hbox (badness 10000) in paragraph at lines 193--194

 []

Missing character: There is no â in font cmr10!
Missing character: There is no € in font cmr10!
Missing character: There is no ™ in font cmr10!
Missing character: There is no â in font cmr10!
Missing character: There is no € in font cmr10!
Missing character: There is no ™ in font cmr10!
[1

]
Chapter 2.
LaTeX Font Info:    Try loading font information for OMS+cmr on input line 210.

(/usr/local/texlive/2015/texmf-dist/tex/latex/base/omscmr.fd
File: omscmr.fd 2014/09/29 v2.5h Standard LaTeX font definitions
)
LaTeX Font Info:    Font shape `OMS/cmr/m/n' in size <10.95> not available
(Font)              Font shape `OMS/cmsy/m/n' tried instead on input line 210.
 [2

] [3]
Chapter 3.
[4

]
Underfull \hbox (badness 10000) in paragraph at lines 255--256

 []

[5]
Chapter 4.
Missing character: There is no Â in font cmr10!
Missing character: There is no ­ in font cmr10!
Missing character: There is no Â in font cmr10!
Missing character: There is no ­ in font cmr10!
Missing character: There is no Â in font cmr10!
Missing character: There is no ­ in font cmr10!
Missing character: There is no Â in font cmr10!
Missing character: There is no ­ in font cmr10!
Missing character: There is no Â in font cmr10!
Missing character: There is no ­ in font cmr10!
Missing character: There is no â in font cmr10!
Missing character: There is no € in font cmr10!
Missing character: There is no “ in font cmr10!
Missing character: There is no Â in font cmr10!
Missing character: There is no ­ in font cmr10!
[6

]
Missing character: There is no Â in font cmr10!
Missing character: There is no ­ in font cmr10!
Missing character: There is no Â in font cmr10!
Missing character: There is no ­ in font cmr10!
Missing character: There is no Â in font cmr10!
Missing character: There is no ­ in font cmr10!
Missing character: There is no Â in font cmr10!
Missing character: There is no ­ in font cmr10!
Missing character: There is no Â in font cmr10!
Missing character: There is no ­ in font cmr10!
Missing character: There is no Â in font cmr10!
Missing character: There is no ­ in font cmr10!
Missing character: There is no Â in font cmr10!
Missing character: There is no ­ in font cmr10!

Underfull \hbox (badness 10000) in paragraph at lines 340--342

 []


Underfull \hbox (badness 10000) in paragraph at lines 340--342

 []

[7]
Underfull \hbox (badness 10000) in paragraph at lines 365--368

 []


Underfull \hbox (badness 10000) in paragraph at lines 365--368

 []


Underfull \hbox (badness 10000) in paragraph at lines 369--372

 []


Underfull \hbox (badness 10000) in paragraph at lines 369--372

 []

Missing character: There is no Â in font cmr10!
Missing character: There is no ­ in font cmr10!

Underfull \hbox (badness 10000) in paragraph at lines 373--376

 []


Underfull \hbox (badness 10000) in paragraph at lines 373--376

 []

[8] [9]
Chapter 5.
[10

] <block1.jpg, id=65, 839.38594pt x 308.65312pt>
File: block1.jpg Graphic file (type jpg)
 <use block1.jpg>
Package pdftex.def Info: block1.jpg used on input line 418.
(pdftex.def)             Requested size: 433.62pt x 159.44557pt.

<block2.jpg, id=66, 838.63312pt x 420.06938pt>
File: block2.jpg Graphic file (type jpg)
 <use block2.jpg>
Package pdftex.def Info: block2.jpg used on input line 421.
(pdftex.def)             Requested size: 433.62pt x 217.20026pt.

<level0.jpg, id=67, 429.605pt x 313.17pt>
File: level0.jpg Graphic file (type jpg)
 <use level0.jpg>
Package pdftex.def Info: level0.jpg used on input line 428.
(pdftex.def)             Requested size: 216.81pt x 158.05162pt.

<level1.jpg, id=68, 1151.30125pt x 607.26875pt>
File: level1.jpg Graphic file (type jpg)
 <use level1.jpg>
Package pdftex.def Info: level1.jpg used on input line 433.
(pdftex.def)             Requested size: 469.75502pt x 247.77719pt.


LaTeX Warning: `h' float specifier changed to `ht'.


Underfull \hbox (badness 10000) in paragraph at lines 446--447

 []


LaTeX Warning: `h' float specifier changed to `ht'.


LaTeX Warning: `h' float specifier changed to `ht'.


LaTeX Warning: `h' float specifier changed to `ht'.


LaTeX Warning: `h' float specifier changed to `ht'.


Underfull \hbox (badness 10000) in paragraph at lines 600--601

 []

<user.jpg, id=69, 621.82312pt x 289.08pt>
File: user.jpg Graphic file (type jpg)
 <use user.jpg>
Package pdftex.def Info: user.jpg used on input line 603.
(pdftex.def)             Requested size: 505.89pt x 235.18568pt.

<product.jpg, id=70, 617.30624pt x 395.97937pt>
File: product.jpg Graphic file (type jpg)
 <use product.jpg>
Package pdftex.def Info: product.jpg used on input line 605.
(pdftex.def)             Requested size: 505.89pt x 324.51788pt.

Overfull \hbox (36.13498pt too wide) in paragraph at lines 603--606
 [] 
 []


Overfull \hbox (36.13498pt too wide) in paragraph at lines 603--606
 [] 
 []


LaTeX Warning: Float too large for page by 17.18893pt on input line 606.


LaTeX Warning: `h' float specifier changed to `ht'.

<admin_transaction.jpg, id=71, 621.07031pt x 404.26031pt>
File: admin_transaction.jpg Graphic file (type jpg)

<use admin_transaction.jpg>
Package pdftex.def Info: admin_transaction.jpg used on input line 609.
(pdftex.def)             Requested size: 505.89pt x 329.28728pt.

<history_complaint.jpg, id=72, 616.55344pt x 409.53pt>
File: history_complaint.jpg Graphic file (type jpg)

<use history_complaint.jpg>
Package pdftex.def Info: history_complaint.jpg used on input line 611.
(pdftex.def)             Requested size: 505.89pt x 336.03548pt.

Overfull \hbox (36.13498pt too wide) in paragraph at lines 609--612
 [][] 
 []


Overfull \hbox (36.13498pt too wide) in paragraph at lines 609--612
 [] 
 []


LaTeX Warning: Float too large for page by 45.89275pt on input line 612.


LaTeX Warning: `h' float specifier changed to `ht'.

<review.jpg, id=73, 616.55344pt x 213.04594pt>
File: review.jpg Graphic file (type jpg)
 <use review.jpg>
Package pdftex.def Info: review.jpg used on input line 615.
(pdftex.def)             Requested size: 505.89pt x 174.81256pt.

Overfull \hbox (36.13498pt too wide) in paragraph at lines 615--617
 [][] 
 []


LaTeX Warning: Float too large for page by 290.68256pt on input line 617.


LaTeX Warning: `h' float specifier changed to `ht'.

<erdgm.jpg, id=74, 1127.21124pt x 796.9775pt>
File: erdgm.jpg Graphic file (type jpg)
 <use erdgm.jpg>
Package pdftex.def Info: erdgm.jpg used on input line 631.
(pdftex.def)             Requested size: 505.89pt x 357.688pt.

Overfull \hbox (36.13498pt too wide) in paragraph at lines 631--632
 [] 
 []


LaTeX Warning: `h' float specifier changed to `ht'.


Underfull \hbox (badness 10000) in paragraph at lines 638--641

 []

<homepage.png, id=75, 1245.65375pt x 652.4375pt>
File: homepage.png Graphic file (type png)
 <use homepage.png>
Package pdftex.def Info: homepage.png used on input line 644.
(pdftex.def)             Requested size: 433.62pt x 227.12207pt.


LaTeX Warning: `h' float specifier changed to `ht'.

<homepage_mobile.png, id=77, 505.89pt x 654.445pt>
File: homepage_mobile.png Graphic file (type png)
 <use homepage_mobile.png>
Package pdftex.def Info: homepage_mobile.png used on input line 648.
(pdftex.def)             Requested size: 289.07999pt x 373.97621pt.


LaTeX Warning: `h' float specifier changed to `ht'.

<login.png, id=78, 1284.8pt x 742.775pt>
File: login.png Graphic file (type png)
 <use login.png>
Package pdftex.def Info: login.png used on input line 654.
(pdftex.def)             Requested size: 289.07999pt x 167.11716pt.


LaTeX Warning: `h' float specifier changed to `ht'.


LaTeX Warning: `h' float specifier changed to `ht'.


LaTeX Warning: `h' float specifier changed to `ht'.

[11 <./block1.jpg> <./block2.jpg>] [12 <./level0.jpg> <./level1.jpg>] [13]
[14] [15] [16] [17 <./user.jpg> <./product.jpg>] [18 <./admin_transaction.jpg> 
<./history_complaint.jpg>] [19 <./review.jpg>] [20 <./erdgm.jpg>] [21 <./homepa
ge.png>] [22 <./homepage_mobile.png>] [23 <./login.png>]
Chapter 6.
[24

]
Missing character: There is no â in font cmr10!
Missing character: There is no € in font cmr10!
Missing character: There is no ™ in font cmr10!
 [25]
Overfull \hbox (6.90523pt too wide) in paragraph at lines 728--729
\OT1/cmr/m/n/10.95 jQuery is a cross-platform JavaScript li-brary de-signed to 
sim-plify the client-side script-ing of HTML.[2]
 []

[26]
Chapter 7.
[27

] [28

] (./final_report.aux) ) 
Here is how much of TeX's memory you used:
 2068 strings out of 493089
 29010 string characters out of 6134843
 104958 words of memory out of 5000000
 5525 multiletter control sequences out of 15000+600000
 10249 words of font info for 36 fonts, out of 8000000 for 9000
 1141 hyphenation exceptions out of 8191
 38i,10n,43p,952b,352s stack positions out of 5000i,500n,10000p,200000b,80000s
</usr/local/texlive/2015/texmf-dist/fonts/type1/public/
amsfonts/cm/cmbx10.pfb></usr/local/texlive/2015/texmf-dist/fonts/type1/public/a
msfonts/cm/cmbx12.pfb></usr/local/texlive/2015/texmf-dist/fonts/type1/public/am
sfonts/cm/cmbx9.pfb></usr/local/texlive/2015/texmf-dist/fonts/type1/public/amsf
onts/cm/cmbxti10.pfb></usr/local/texlive/2015/texmf-dist/fonts/type1/public/ams
fonts/cm/cmmi10.pfb></usr/local/texlive/2015/texmf-dist/fonts/type1/public/amsf
onts/cm/cmr10.pfb></usr/local/texlive/2015/texmf-dist/fonts/type1/public/amsfon
ts/cm/cmss10.pfb></usr/local/texlive/2015/texmf-dist/fonts/type1/public/amsfont
s/cm/cmsy10.pfb></usr/local/texlive/2015/texmf-dist/fonts/type1/public/amsfonts
/cm/cmtt10.pfb>
Output written on final_report.pdf (35 pages, 4841796 bytes).
PDF statistics:
 171 PDF objects out of 1000 (max. 8388607)
 106 compressed objects within 2 object streams
 0 named destinations out of 1000 (max. 500000)
 71 words of extra memory for PDF output out of 10000 (max. 10000000)

